# JRE version: Java(TM) SE Runtime Environment 18.9 (11.0.12+8) (build 11.0.12+8-LTS-237)
# Java VM: Java HotSpot(TM) 64-Bit Server VM 18.9 (11.0.12+8-LTS-237, mixed mode, tiered, compressed oops, g1 gc, windows-amd64)
Heap:
 garbage-first heap   total 63488K, used 19258K [0x00000000c2a00000, 0x0000000100000000)
  region size 1024K, 3 young (3072K), 3 survivors (3072K)
 Metaspace       used 33613K, capacity 34537K, committed 34688K, reserved 1087488K
  class space    used 4282K, capacity 4628K, committed 4736K, reserved 1048576K
GC Heap History (10 events):
Event: 46.889 GC heap before
{Heap before GC invocations=10 (full 0):
 garbage-first heap   total 63488K, used 38739K [0x00000000c2a00000, 0x0000000100000000)
  region size 1024K, 29 young (29696K), 3 survivors (3072K)
 Metaspace       used 27378K, capacity 28156K, committed 28288K, reserved 1073152K
  class space    used 3371K, capacity 3664K, committed 3712K, reserved 1048576K
}
Event: 46.905 GC heap after
{Heap after GC invocations=11 (full 0):
 garbage-first heap   total 63488K, used 14752K [0x00000000c2a00000, 0x0000000100000000)
  region size 1024K, 4 young (4096K), 4 survivors (4096K)
 Metaspace       used 27378K, capacity 28156K, committed 28288K, reserved 1073152K
  class space    used 3371K, capacity 3664K, committed 3712K, reserved 1048576K
}
Event: 51.352 GC heap before
{Heap before GC invocations=11 (full 0):
 garbage-first heap   total 63488K, used 41376K [0x00000000c2a00000, 0x0000000100000000)
  region size 1024K, 31 young (31744K), 4 survivors (4096K)
 Metaspace       used 28530K, capacity 29311K, committed 29440K, reserved 1075200K
  class space    used 3512K, capacity 3812K, committed 3840K, reserved 1048576K
}
Event: 51.369 GC heap after
{Heap after GC invocations=12 (full 0):
 garbage-first heap   total 63488K, used 16046K [0x00000000c2a00000, 0x0000000100000000)
  region size 1024K, 3 young (3072K), 3 survivors (3072K)
 Metaspace       used 28530K, capacity 29311K, committed 29440K, reserved 1075200K
  class space    used 3512K, capacity 3812K, committed 3840K, reserved 1048576K
}
Event: 55.423 GC heap before
{Heap before GC invocations=12 (full 0):
 garbage-first heap   total 63488K, used 44718K [0x00000000c2a00000, 0x0000000100000000)
  region size 1024K, 31 young (31744K), 3 survivors (3072K)
 Metaspace       used 30110K, capacity 31013K, committed 31232K, reserved 1077248K
  class space    used 3741K, capacity 4079K, committed 4096K, reserved 1048576K
}
Event: 55.437 GC heap after
{Heap after GC invocations=13 (full 0):
 garbage-first heap   total 63488K, used 16898K [0x00000000c2a00000, 0x0000000100000000)
  region size 1024K, 3 young (3072K), 3 survivors (3072K)
 Metaspace       used 30110K, capacity 31013K, committed 31232K, reserved 1077248K
  class space    used 3741K, capacity 4079K, committed 4096K, reserved 1048576K
}
Event: 60.040 GC heap before
{Heap before GC invocations=13 (full 0):
 garbage-first heap   total 63488K, used 45570K [0x00000000c2a00000, 0x0000000100000000)
  region size 1024K, 31 young (31744K), 3 survivors (3072K)
 Metaspace       used 32584K, capacity 33575K, committed 33664K, reserved 1079296K
  class space    used 4118K, capacity 4478K, committed 4480K, reserved 1048576K
}
Event: 60.054 GC heap after
{Heap after GC invocations=14 (full 0):
 garbage-first heap   total 63488K, used 18292K [0x00000000c2a00000, 0x0000000100000000)
  region size 1024K, 3 young (3072K), 3 survivors (3072K)
 Metaspace       used 32584K, capacity 33575K, committed 33664K, reserved 1079296K
  class space    used 4118K, capacity 4478K, committed 4480K, reserved 1048576K
}
Event: 63.259 GC heap before
{Heap before GC invocations=14 (full 0):
 garbage-first heap   total 63488K, used 26484K [0x00000000c2a00000, 0x0000000100000000)
  region size 1024K, 12 young (12288K), 3 survivors (3072K)
 Metaspace       used 33613K, capacity 34537K, committed 34688K, reserved 1085440K
  class space    used 4282K, capacity 4628K, committed 4736K, reserved 1048576K
}
Event: 63.274 GC heap after
{Heap after GC invocations=15 (full 0):
 garbage-first heap   total 63488K, used 19258K [0x00000000c2a00000, 0x0000000100000000)
  region size 1024K, 3 young (3072K), 3 survivors (3072K)
 Metaspace       used 33613K, capacity 34537K, committed 34688K, reserved 1085440K
  class space    used 4282K, capacity 4628K, committed 4736K, reserved 1048576K
}

